<?xml version="1.0" encoding="UTF-8"?>
<!-- Generated by org.testng.reporters.JUnitReportReporter -->
<testsuite skipped="0" hostname="ARAVINDKSV" name="sedet21.ParameterAndAuthentication.RequestChainingDelete" tests="1" failures="0" timestamp="30 Oct 2021 06:16:33 GMT" time="3.845" errors="0">
  <testcase name="pathParametrerfordelete" time="3.845" classname="sedet21.ParameterAndAuthentication.RequestChainingDelete"/>
</testsuite> <!-- sedet21.ParameterAndAuthentication.RequestChainingDelete -->
