<?xml version="1.0" encoding="UTF-8"?>
<!-- Generated by org.testng.reporters.JUnitReportReporter -->
<testsuite skipped="0" hostname="ARAVINDKSV" name="sdet21.rmg.CRUD.UpdatetheprojectByUsingpathParameter" tests="1" failures="0" timestamp="28 Oct 2021 12:48:32 GMT" time="4.231" errors="0">
  <testcase name="updatetheprojectByUsingpathParameter" time="4.231" classname="sdet21.rmg.CRUD.UpdatetheprojectByUsingpathParameter"/>
</testsuite> <!-- sdet21.rmg.CRUD.UpdatetheprojectByUsingpathParameter -->
