<?xml version="1.0" encoding="UTF-8"?>
<!-- Generated by org.testng.reporters.JUnitReportReporter -->
<testsuite skipped="0" hostname="ARAVINDKSV" name="sdet21.rmg.CRUD.DeleteProjectUsingBDD" tests="1" failures="0" timestamp="27 Oct 2021 18:49:35 GMT" time="2.049" errors="0">
  <testcase name="deleteProjectUsingBDD" time="2.049" classname="sdet21.rmg.CRUD.DeleteProjectUsingBDD"/>
</testsuite> <!-- sdet21.rmg.CRUD.DeleteProjectUsingBDD -->
