<?xml version="1.0" encoding="UTF-8"?>
<!-- Generated by org.testng.reporters.JUnitReportReporter -->
<testsuite skipped="0" hostname="ARAVINDKSV" name="sdet21.rmg.CRUD.DynamicResponse" tests="1" failures="0" timestamp="29 Oct 2021 06:51:51 GMT" time="4.264" errors="0">
  <testcase name="dynamicResponse" time="4.264" classname="sdet21.rmg.CRUD.DynamicResponse"/>
</testsuite> <!-- sdet21.rmg.CRUD.DynamicResponse -->
