<?xml version="1.0" encoding="UTF-8"?>
<!-- Generated by org.testng.reporters.JUnitReportReporter -->
<testsuite skipped="1" hostname="ARAVINDKSV" name="sdet21.EndToEnd.RMG.CreateProjectAndVerifyInDB" tests="2" failures="0" timestamp="30 Oct 2021 11:26:56 GMT" time="0.095" errors="1">
  <testcase name="createProjectAndVerifyInDB" time="0.000" classname="sdet21.EndToEnd.RMG.CreateProjectAndVerifyInDB">
    <skipped/>
  </testcase> <!-- createProjectAndVerifyInDB -->
  <testcase name="bsConfig" time="0.095" classname="sdet21.EndToEnd.RMG.CreateProjectAndVerifyInDB">
    <error type="java.lang.NullPointerException">
      <![CDATA[java.lang.NullPointerException
at java.sql.DriverManager.registerDriver(DriverManager.java:361)
at java.sql.DriverManager.registerDriver(DriverManager.java:334)
at sdet21.GenericUtils.DataUtility.connectToDB(DataUtility.java:24)
at sdet21.GenericUtils.BaseClass.bsConfig(BaseClass.java:20)
at sun.reflect.NativeMethodAccessorImpl.invoke0(Native Method)
at sun.reflect.NativeMethodAccessorImpl.invoke(NativeMethodAccessorImpl.java:62)
at sun.reflect.DelegatingMethodAccessorImpl.invoke(DelegatingMethodAccessorImpl.java:43)
at java.lang.reflect.Method.invoke(Method.java:498)
at org.testng.internal.MethodInvocationHelper.invokeMethod(MethodInvocationHelper.java:124)
at org.testng.internal.MethodInvocationHelper.invokeMethodConsideringTimeout(MethodInvocationHelper.java:59)
at org.testng.internal.Invoker.invokeConfigurationMethod(Invoker.java:458)
at org.testng.internal.Invoker.invokeConfigurations(Invoker.java:222)
at org.testng.internal.Invoker.invokeConfigurations(Invoker.java:142)
at org.testng.SuiteRunner.privateRun(SuiteRunner.java:401)
at org.testng.SuiteRunner.run(SuiteRunner.java:364)
at org.testng.SuiteRunnerWorker.runSuite(SuiteRunnerWorker.java:52)
at org.testng.SuiteRunnerWorker.run(SuiteRunnerWorker.java:84)
at org.testng.TestNG.runSuitesSequentially(TestNG.java:1208)
at org.testng.TestNG.runSuitesLocally(TestNG.java:1137)
at org.testng.TestNG.runSuites(TestNG.java:1049)
at org.testng.TestNG.run(TestNG.java:1017)
at org.testng.remote.AbstractRemoteTestNG.run(AbstractRemoteTestNG.java:114)
at org.testng.remote.RemoteTestNG.initAndRun(RemoteTestNG.java:251)
at org.testng.remote.RemoteTestNG.main(RemoteTestNG.java:77)
]]>
    </error>
  </testcase> <!-- bsConfig -->
</testsuite> <!-- sdet21.EndToEnd.RMG.CreateProjectAndVerifyInDB -->
