<?xml version="1.0" encoding="UTF-8"?>
<!-- Generated by org.testng.reporters.JUnitReportReporter -->
<testsuite skipped="0" hostname="ARAVINDKSV" name="sedet21.ParameterAndAuthentication.QueryParameter" tests="1" failures="0" timestamp="29 Oct 2021 07:14:55 GMT" time="5.199" errors="0">
  <testcase name="queryParametrer" time="5.199" classname="sedet21.ParameterAndAuthentication.QueryParameter"/>
</testsuite> <!-- sedet21.ParameterAndAuthentication.QueryParameter -->
