<?xml version="1.0" encoding="UTF-8"?>
<!-- Generated by org.testng.reporters.JUnitReportReporter -->
<testsuite skipped="0" hostname="ARAVINDKSV" name="com.rmg.CreateProject" tests="1" failures="0" timestamp="27 Oct 2021 09:17:13 GMT" time="3.548" errors="0">
  <testcase name="create" time="3.548" classname="com.rmg.CreateProject"/>
</testsuite> <!-- com.rmg.CreateProject -->
