<?xml version="1.0" encoding="UTF-8"?>
<!-- Generated by org.testng.reporters.JUnitReportReporter -->
<testsuite skipped="0" hostname="ARAVINDKSV" name="com.rmg.GetProjects" tests="1" failures="0" timestamp="27 Oct 2021 09:04:19 GMT" time="2.252" errors="0">
  <testcase name="getAllProjects" time="2.252" classname="com.rmg.GetProjects"/>
</testsuite> <!-- com.rmg.GetProjects -->
