<?xml version="1.0" encoding="UTF-8"?>
<!-- Generated by org.testng.reporters.JUnitReportReporter -->
<testsuite skipped="0" hostname="ARAVINDKSV" name="sdet21.rmg.CRUD.CreatePostProject" tests="1" failures="0" timestamp="28 Oct 2021 16:56:48 GMT" time="4.165" errors="0">
  <testcase name="createproject" time="4.165" classname="sdet21.rmg.CRUD.CreatePostProject"/>
</testsuite> <!-- sdet21.rmg.CRUD.CreatePostProject -->
