<?xml version="1.0" encoding="UTF-8"?>
<!-- Generated by org.testng.reporters.JUnitReportReporter -->
<testsuite skipped="0" hostname="ARAVINDKSV" name="sedet21.ParameterAndAuthentication.PathParameter" tests="1" failures="0" timestamp="29 Oct 2021 07:18:04 GMT" time="3.885" errors="0">
  <testcase name="pathParametrer" time="3.885" classname="sedet21.ParameterAndAuthentication.PathParameter"/>
</testsuite> <!-- sedet21.ParameterAndAuthentication.PathParameter -->
