<?xml version="1.0" encoding="UTF-8"?>
<!-- Generated by org.testng.reporters.JUnitReportReporter -->
<testsuite skipped="0" hostname="ARAVINDKSV" name="sedet21.ParameterAndAuthentication.BasicAuth" tests="1" failures="0" timestamp="30 Oct 2021 06:48:54 GMT" time="4.337" errors="0">
  <testcase name="basicAuth" time="4.337" classname="sedet21.ParameterAndAuthentication.BasicAuth"/>
</testsuite> <!-- sedet21.ParameterAndAuthentication.BasicAuth -->
