<?xml version="1.0" encoding="UTF-8"?>
<!-- Generated by org.testng.reporters.JUnitReportReporter -->
<testsuite skipped="0" hostname="ARAVINDKSV" name="com.rmg.PutUpdateProject" tests="1" failures="0" timestamp="27 Oct 2021 09:15:58 GMT" time="2.607" errors="0">
  <testcase name="create" time="2.607" classname="com.rmg.PutUpdateProject"/>
</testsuite> <!-- com.rmg.PutUpdateProject -->
