<?xml version="1.0" encoding="UTF-8"?>
<!-- Generated by org.testng.reporters.JUnitReportReporter -->
<testsuite skipped="0" hostname="ARAVINDKSV" name="sedet21.ParameterAndAuthentication.RequestChainingGet" tests="1" failures="0" timestamp="30 Oct 2021 06:14:31 GMT" time="3.753" errors="0">
  <testcase name="pathParametrer" time="3.753" classname="sedet21.ParameterAndAuthentication.RequestChainingGet"/>
</testsuite> <!-- sedet21.ParameterAndAuthentication.RequestChainingGet -->
