<?xml version="1.0" encoding="UTF-8"?>
<!-- Generated by org.testng.reporters.JUnitReportReporter -->
<testsuite skipped="0" hostname="ARAVINDKSV" name="sdet21.rmg.CRUD.GetProjectsALL" tests="1" failures="0" timestamp="28 Oct 2021 16:48:31 GMT" time="3.230" errors="0">
  <testcase name="getProjectsALL" time="3.230" classname="sdet21.rmg.CRUD.GetProjectsALL"/>
</testsuite> <!-- sdet21.rmg.CRUD.GetProjectsALL -->
