<?xml version="1.0" encoding="UTF-8"?>
<!-- Generated by org.testng.reporters.JUnitReportReporter -->
<testsuite skipped="0" hostname="ARAVINDKSV" name="sdet21.rmg.CRUD.GetAllProjectsUsingBDD" tests="1" failures="0" timestamp="27 Oct 2021 18:36:00 GMT" time="2.102" errors="0">
  <testcase name="getAllProjectsUsingBDD" time="2.102" classname="sdet21.rmg.CRUD.GetAllProjectsUsingBDD"/>
</testsuite> <!-- sdet21.rmg.CRUD.GetAllProjectsUsingBDD -->
