<?xml version="1.0" encoding="UTF-8"?>
<!-- Generated by org.testng.reporters.JUnitReportReporter -->
<testsuite skipped="0" hostname="ARAVINDKSV" name="sedet21.ParameterAndAuthentication.O_Auth2_Authentication" tests="1" failures="0" timestamp="30 Oct 2021 09:16:12 GMT" time="4.780" errors="0">
  <testcase name="oauth" time="4.780" classname="sedet21.ParameterAndAuthentication.O_Auth2_Authentication"/>
</testsuite> <!-- sedet21.ParameterAndAuthentication.O_Auth2_Authentication -->
