<?xml version="1.0" encoding="UTF-8"?>
<!-- Generated by org.testng.reporters.JUnitReportReporter -->
<testsuite skipped="0" hostname="ARAVINDKSV" name="com.rmg.DeleteProject" tests="1" failures="0" timestamp="27 Oct 2021 08:52:44 GMT" time="2.874" errors="0">
  <testcase name="delete" time="2.874" classname="com.rmg.DeleteProject"/>
</testsuite> <!-- com.rmg.DeleteProject -->
