<?xml version="1.0" encoding="UTF-8"?>
<!-- Generated by org.testng.reporters.JUnitReportReporter -->
<testsuite skipped="0" hostname="ARAVINDKSV" name="sedet21.ParameterAndAuthentication.BearerToken" tests="1" failures="0" timestamp="30 Oct 2021 07:22:25 GMT" time="2.409" errors="0">
  <testcase name="bearerToken" time="2.409" classname="sedet21.ParameterAndAuthentication.BearerToken"/>
</testsuite> <!-- sedet21.ParameterAndAuthentication.BearerToken -->
