<?xml version="1.0" encoding="UTF-8"?>
<!-- Generated by org.testng.reporters.JUnitReportReporter -->
<testsuite skipped="0" hostname="ARAVINDKSV" name="sdet21.rmg.CRUD.CreateProjectUsingBDD" tests="1" failures="0" timestamp="27 Oct 2021 18:35:37 GMT" time="2.860" errors="0">
  <testcase name="createProjectUsingBDD" time="2.860" classname="sdet21.rmg.CRUD.CreateProjectUsingBDD"/>
</testsuite> <!-- sdet21.rmg.CRUD.CreateProjectUsingBDD -->
