<?xml version="1.0" encoding="UTF-8"?>
<!-- Generated by org.testng.reporters.JUnitReportReporter -->
<testsuite skipped="0" hostname="ARAVINDKSV" name="sdet21.rmg.CRUD.DeleteProject" tests="1" failures="0" timestamp="28 Oct 2021 17:01:26 GMT" time="3.378" errors="0">
  <testcase name="deleteProject" time="3.378" classname="sdet21.rmg.CRUD.DeleteProject"/>
</testsuite> <!-- sdet21.rmg.CRUD.DeleteProject -->
