<?xml version="1.0" encoding="UTF-8"?>
<!-- Generated by org.testng.reporters.JUnitReportReporter -->
<testsuite skipped="0" hostname="ARAVINDKSV" name="sdet21.rmg.CRUD.PutProjectUsingBDD" tests="1" failures="0" timestamp="27 Oct 2021 18:43:08 GMT" time="2.481" errors="0">
  <testcase name="putProjectUsingBDD" time="2.481" classname="sdet21.rmg.CRUD.PutProjectUsingBDD"/>
</testsuite> <!-- sdet21.rmg.CRUD.PutProjectUsingBDD -->
