<?xml version="1.0" encoding="UTF-8"?>
<!-- Generated by org.testng.reporters.JUnitReportReporter -->
<testsuite skipped="0" hostname="ARAVINDKSV" name="sdet21.rmg.CRUD.StaticResponse" tests="1" failures="0" timestamp="29 Oct 2021 06:08:20 GMT" time="2.612" errors="0">
  <testcase name="staticResponse" time="2.612" classname="sdet21.rmg.CRUD.StaticResponse"/>
</testsuite> <!-- sdet21.rmg.CRUD.StaticResponse -->
