<?xml version="1.0" encoding="UTF-8"?>
<!-- Generated by org.testng.reporters.JUnitReportReporter -->
<testsuite skipped="0" hostname="ARAVINDKSV" name="sdet21.rmg.CRUD.CreateProjectUsingPOJO" tests="1" failures="0" timestamp="28 Oct 2021 07:33:39 GMT" time="13.125" errors="0">
  <testcase name="createProjectUsingPOJO" time="13.125" classname="sdet21.rmg.CRUD.CreateProjectUsingPOJO"/>
</testsuite> <!-- sdet21.rmg.CRUD.CreateProjectUsingPOJO -->
