<?xml version="1.0" encoding="UTF-8"?>
<!-- Generated by org.testng.reporters.JUnitReportReporter -->
<testsuite skipped="0" hostname="ARAVINDKSV" name="sdet21.EndToEnd.RMG.CreateProjectAndVerifyInDB" tests="1" failures="0" timestamp="30 Oct 2021 14:08:59 GMT" time="4.945" errors="0">
  <testcase name="createProjectAndVerifyInDB" time="4.945" classname="sdet21.EndToEnd.RMG.CreateProjectAndVerifyInDB"/>
</testsuite> <!-- sdet21.EndToEnd.RMG.CreateProjectAndVerifyInDB -->
