<?xml version="1.0" encoding="UTF-8"?>
<!-- Generated by org.testng.reporters.JUnitReportReporter -->
<testsuite skipped="0" hostname="ARAVINDKSV" name="sdet21.rmg.CRUD.UpdatetheProject" tests="1" failures="0" timestamp="28 Oct 2021 16:52:47 GMT" time="4.333" errors="0">
  <testcase name="updatetheproject" time="4.333" classname="sdet21.rmg.CRUD.UpdatetheProject"/>
</testsuite> <!-- sdet21.rmg.CRUD.UpdatetheProject -->
