<?xml version="1.0" encoding="UTF-8"?>
<!-- Generated by org.testng.reporters.JUnitReportReporter -->
<testsuite skipped="0" hostname="ARAVINDKSV" name="sdet21.rmg.CRUD.DeletingProject" tests="1" failures="0" timestamp="27 Oct 2021 19:12:07 GMT" time="2.033" errors="0">
  <testcase name="deletingproject" time="2.033" classname="sdet21.rmg.CRUD.DeletingProject"/>
</testsuite> <!-- sdet21.rmg.CRUD.DeletingProject -->
